{
  "stats": {
    "suites": 2,
    "tests": 3,
    "passes": 3,
    "pending": 0,
    "failures": 0,
    "start": "2024-03-07T01:36:19.979Z",
    "end": "2024-03-07T01:36:44.751Z",
    "duration": 24772,
    "testsRegistered": 3,
    "passPercent": 100,
    "pendingPercent": 0,
    "other": 0,
    "hasOther": false,
    "skipped": 0,
    "hasSkipped": false
  },
  "results": [
    {
      "uuid": "74382205-106e-49d2-9ea0-27a6f928bc30",
      "title": "",
      "fullFile": "cypress\\e2e\\2_LoginMongeCR.cy.js",
      "file": "cypress\\e2e\\2_LoginMongeCR.cy.js",
      "beforeHooks": [],
      "afterHooks": [],
      "tests": [],
      "suites": [
        {
          "uuid": "2dbb5722-916b-4cef-89dd-c19351b19f76",
          "title": "Test cases for Login flow",
          "fullFile": "",
          "file": "",
          "beforeHooks": [],
          "afterHooks": [],
          "tests": [],
          "suites": [
            {
              "uuid": "73e23e11-a1bb-473f-9ec9-15732b7bdea0",
              "title": "Login flow",
              "fullFile": "",
              "file": "",
              "beforeHooks": [],
              "afterHooks": [],
              "tests": [
                {
                  "title": "LOG-001: Verify that an unregistered user can create an account",
                  "fullTitle": "Test cases for Login flow Login flow LOG-001: Verify that an unregistered user can create an account",
                  "timedOut": null,
                  "duration": 6614,
                  "state": "passed",
                  "speed": "medium",
                  "pass": true,
                  "fail": false,
                  "pending": false,
                  "context": null,
                  "code": "// Hacer clic en el botón \"Ingresar\"\ncy.get('#header-custom > div > div.col-md-3.col-sm-4.col-xs-7.mobile-link > ul > li.link.authorization-link > a').click({\n  force: true\n});\n// Llenar formulario de \"Clientes registrados\"\ncy.get('#email').type(dataUser.email[0]);\ncy.get('#pass').type(dataUser.password[0]);\n//Hacer clic en botón \"Iniciar sesión\"\ncy.get('#send2').click();",
                  "err": {},
                  "uuid": "eb615719-583b-4f99-9bd5-d5f30247ca63",
                  "parentUUID": "73e23e11-a1bb-473f-9ec9-15732b7bdea0",
                  "isHook": false,
                  "skipped": false
                },
                {
                  "title": "LOG-002: Verify that an unregistered user can create an account",
                  "fullTitle": "Test cases for Login flow Login flow LOG-002: Verify that an unregistered user can create an account",
                  "timedOut": null,
                  "duration": 7697,
                  "state": "passed",
                  "speed": "medium",
                  "pass": true,
                  "fail": false,
                  "pending": false,
                  "context": null,
                  "code": "// Hacer clic en el botón \"Ingresar\"\ncy.get('#header-custom > div > div.col-md-3.col-sm-4.col-xs-7.mobile-link > ul > li.link.authorization-link > a').click({\n  force: true\n});\n// Llenar formulario de \"Clientes registrados\"\ncy.get('#email').type(dataUser.email[0]);\ncy.get('#pass').type(dataUser.password[1]);\n//Hacer clic en botón \"Iniciar sesión\"\ncy.get('#send2').click();\n//Verificar que aparezca mensaje de error\ncy.get('.message-error').should('exist');",
                  "err": {},
                  "uuid": "e6143a61-cdb0-4fa0-9a92-d59e69a8dcd7",
                  "parentUUID": "73e23e11-a1bb-473f-9ec9-15732b7bdea0",
                  "isHook": false,
                  "skipped": false
                },
                {
                  "title": "LOG-003: Verify that it does not allow logging in with an unregistered email address",
                  "fullTitle": "Test cases for Login flow Login flow LOG-003: Verify that it does not allow logging in with an unregistered email address",
                  "timedOut": null,
                  "duration": 6687,
                  "state": "passed",
                  "speed": "medium",
                  "pass": true,
                  "fail": false,
                  "pending": false,
                  "context": null,
                  "code": "// Hacer clic en el botón \"Ingresar\"\ncy.get('#header-custom > div > div.col-md-3.col-sm-4.col-xs-7.mobile-link > ul > li.link.authorization-link > a').click({\n  force: true\n});\n// Llenar formulario de \"Clientes registrados\"\ncy.get('#email').type('noexiste@yopmail.com');\ncy.get('#pass').type(dataUser.password[0]);\n//Hacer clic en botón \"Iniciar sesión\"\ncy.get('#send2').click();\n//Verificar que aparezca mensaje de error\ncy.get('.message-error').should('exist');",
                  "err": {},
                  "uuid": "f5bc8f34-836d-4190-a65d-0669da7bc535",
                  "parentUUID": "73e23e11-a1bb-473f-9ec9-15732b7bdea0",
                  "isHook": false,
                  "skipped": false
                }
              ],
              "suites": [],
              "passes": [
                "eb615719-583b-4f99-9bd5-d5f30247ca63",
                "e6143a61-cdb0-4fa0-9a92-d59e69a8dcd7",
                "f5bc8f34-836d-4190-a65d-0669da7bc535"
              ],
              "failures": [],
              "pending": [],
              "skipped": [],
              "duration": 20998,
              "root": false,
              "rootEmpty": false,
              "_timeout": 2000
            }
          ],
          "passes": [],
          "failures": [],
          "pending": [],
          "skipped": [],
          "duration": 0,
          "root": false,
          "rootEmpty": false,
          "_timeout": 2000
        }
      ],
      "passes": [],
      "failures": [],
      "pending": [],
      "skipped": [],
      "duration": 0,
      "root": true,
      "rootEmpty": true,
      "_timeout": 2000
    }
  ],
  "meta": {
    "mocha": {
      "version": "7.0.1"
    },
    "mochawesome": {
      "options": {
        "quiet": false,
        "reportFilename": "mochawesome",
        "saveHtml": false,
        "saveJson": true,
        "consoleReporter": "spec",
        "useInlineDiffs": false,
        "code": true
      },
      "version": "7.1.3"
    },
    "marge": {
      "options": {
        "charts": true,
        "reportPageTitle": "Reporter Automation Project KOMAX",
        "embeddedScreenshots": true,
        "inlineAssets": true,
        "saveAllAttempts": false,
        "overwrite": false,
        "html": false,
        "json": true,
        "reportDir": "cypress\\reports\\html\\.jsons"
      },
      "version": "6.2.0"
    }
  }
}