{
  "stats": {
    "suites": 2,
    "tests": 10,
    "passes": 10,
    "pending": 0,
    "failures": 0,
    "start": "2024-03-07T01:34:06.346Z",
    "end": "2024-03-07T01:36:16.256Z",
    "duration": 129910,
    "testsRegistered": 10,
    "passPercent": 100,
    "pendingPercent": 0,
    "other": 0,
    "hasOther": false,
    "skipped": 0,
    "hasSkipped": false
  },
  "results": [
    {
      "uuid": "9822e12c-ccb4-466a-ae70-d2032a7bed27",
      "title": "",
      "fullFile": "cypress\\e2e\\1_CreateAccountMongeCR.cy.js",
      "file": "cypress\\e2e\\1_CreateAccountMongeCR.cy.js",
      "beforeHooks": [],
      "afterHooks": [],
      "tests": [],
      "suites": [
        {
          "uuid": "b49372d4-2e1b-4f63-a2ea-362f47422969",
          "title": "Test cases for Create Account flow",
          "fullFile": "",
          "file": "",
          "beforeHooks": [],
          "afterHooks": [],
          "tests": [],
          "suites": [
            {
              "uuid": "81b01103-01e5-4512-885f-bfa11f630e6d",
              "title": "Account creation flow",
              "fullFile": "",
              "file": "",
              "beforeHooks": [],
              "afterHooks": [],
              "tests": [
                {
                  "title": "CRE-001: Verify that an unregistered user can create an account",
                  "fullTitle": "Test cases for Create Account flow Account creation flow CRE-001: Verify that an unregistered user can create an account",
                  "timedOut": null,
                  "duration": 21015,
                  "state": "passed",
                  "speed": "slow",
                  "pass": true,
                  "fail": false,
                  "pending": false,
                  "context": null,
                  "code": "// Hacer clic en el botón \"Ingresar\"\ncy.get('#header-custom > div > div.col-md-3.col-sm-4.col-xs-7.mobile-link > ul > li.link.authorization-link > a').click({\n  force: true\n});\n// Hacer clic en el botón de \"Registrarse\"\ncy.get('.register').click();\n// Rellenar el formulario de registro con datos de prueba\ncy.fillRegisterFormWithRandomData();\ncy.get('#tipo_identificacion').select(dataUser.identification_type[1]);\ncy.get('#identificacion').type(dataUser.identification_number[0]);\ncy.get('#telephone').type(dataUser.telefono);\ncy.get('#fecha_cumple').click();\ncy.get('.ui-datepicker-month').should('be.visible').select(dataUser.fechaNacimiento[0]);\ncy.get('.ui-datepicker-year').should('be.visible').select(dataUser.fechaNacimiento[1]);\ncy.get('.ui-state-default:eq(1)').click();\ncy.get('.ui-datepicker-buttonpane > button').click();\ncy.get('#pais_nacimiento').select(dataUser.pais[0]);\ncy.get('#gender').select(dataUser.genero[0]);\ncy.get('#password').type(dataUser.password[0]);\ncy.get('#password-confirmation').type(dataUser.password[0]);\n//Hacer click en checkbox para aceptar política de privacidad de datos\ncy.get('#checkbox-terms-conditions').check({\n  force: true\n});\n//Hacer clic en botón \"crear una cuenta\" para confirmar el registro\ncy.get('button.action.submit.primary').click();\n//Verificar mensaje de registro exitoso\ncy.get('.message-success').should('exist');",
                  "err": {},
                  "uuid": "e15b489d-9e76-410a-9981-bddcdb105f1b",
                  "parentUUID": "81b01103-01e5-4512-885f-bfa11f630e6d",
                  "isHook": false,
                  "skipped": false
                },
                {
                  "title": "CRE-002: Verify that a registered user cannot create an account",
                  "fullTitle": "Test cases for Create Account flow Account creation flow CRE-002: Verify that a registered user cannot create an account",
                  "timedOut": null,
                  "duration": 14642,
                  "state": "passed",
                  "speed": "slow",
                  "pass": true,
                  "fail": false,
                  "pending": false,
                  "context": null,
                  "code": "// Hacer clic en el botón \"Ingresar\"\ncy.get('#header-custom > div > div.col-md-3.col-sm-4.col-xs-7.mobile-link > ul > li.link.authorization-link > a').click({\n  force: true\n});\n// Hacer clic en el botón de \"Registrarse\"\ncy.get('.register').click();\n// Rellenar el formulario de registro con datos de prueba\ncy.get('#firstname').type(dataUser.nombre[0]);\ncy.get('#lastname').type(dataUser.apellido[0]);\ncy.get('#second_lastname').type(dataUser.apellido[1]);\ncy.get('#tipo_identificacion').select(dataUser.identification_type[1]);\ncy.get('#identificacion').type(dataUser.identification_number[0]);\ncy.get('#telephone').type(dataUser.telefono);\ncy.get('#fecha_cumple').click();\ncy.get('.ui-datepicker-month').should('be.visible').select(dataUser.fechaNacimiento[0]);\ncy.get('.ui-datepicker-year').should('be.visible').select(dataUser.fechaNacimiento[1]);\ncy.get('.ui-state-default:eq(1)').click();\ncy.get('.ui-datepicker-buttonpane > button').click();\ncy.get('#pais_nacimiento').select(dataUser.pais[0]);\ncy.get('#gender').select(dataUser.genero[0]);\ncy.get('#email_address').type(dataUser.email[0]);\ncy.get('#password').type(dataUser.password[0]);\ncy.get('#password-confirmation').type(dataUser.password[0]);\n//Hacer click en checkbox para aceptar política de privacidad de datos\ncy.get('#checkbox-terms-conditions').check({\n  force: true\n});\n//Hacer clic en botón \"crear una cuenta\" para confirmar el registro\ncy.get('button.action.submit.primary').click();\n//Verificar que aparezca mensaje de error\ncy.get('.message-error').should('exist');",
                  "err": {},
                  "uuid": "f367a714-75f0-46d6-9196-dfd04d1eb7cd",
                  "parentUUID": "81b01103-01e5-4512-885f-bfa11f630e6d",
                  "isHook": false,
                  "skipped": false
                },
                {
                  "title": "CRE-004: Verify that an account cannot be created when a mandatory field is not filled in",
                  "fullTitle": "Test cases for Create Account flow Account creation flow CRE-004: Verify that an account cannot be created when a mandatory field is not filled in",
                  "timedOut": null,
                  "duration": 10410,
                  "state": "passed",
                  "speed": "slow",
                  "pass": true,
                  "fail": false,
                  "pending": false,
                  "context": null,
                  "code": "// Hacer clic en el botón \"Ingresar\"\ncy.get('#header-custom > div > div.col-md-3.col-sm-4.col-xs-7.mobile-link > ul > li.link.authorization-link > a').click({\n  force: true\n});\n// Hacer clic en el botón de \"Registrarse\"\ncy.get('.register').click();\n// Rellenar el formulario de registro con datos de prueba\ncy.fillRegisterFormWithRandomData();\ncy.get('#tipo_identificacion').select(dataUser.identification_type[1]);\n//cy.get('#identificacion').type(dataUser.identification_number[1]) NO DILIGENCIAR CAMPO\ncy.get('#telephone').type(dataUser.telefono);\ncy.get('#fecha_cumple').click();\ncy.get('.ui-datepicker-month').should('be.visible').select(dataUser.fechaNacimiento[0]);\ncy.get('.ui-datepicker-year').should('be.visible').select(dataUser.fechaNacimiento[1]);\ncy.get('.ui-state-default:eq(1)').click();\ncy.get('.ui-datepicker-buttonpane > button').click();\ncy.get('#pais_nacimiento').select(dataUser.pais[0]);\ncy.get('#gender').select(dataUser.genero[0]);\ncy.get('#password').type(dataUser.password[0]);\ncy.get('#password-confirmation').type(dataUser.password[0]);\n//Hacer click en checkbox para aceptar política de privacidad de datos\ncy.get('#checkbox-terms-conditions').check({\n  force: true\n});\n//Hacer clic en botón \"crear una cuenta\" para confirmar el registro\ncy.get('button.action.submit.primary').click();\n//Verificar mensaje de error\ncy.get('#identificacion-error').should('exist').should('have.text', 'Este campo es obligatorio.');",
                  "err": {},
                  "uuid": "f62decd0-0b64-46de-b04c-895190fef28d",
                  "parentUUID": "81b01103-01e5-4512-885f-bfa11f630e6d",
                  "isHook": false,
                  "skipped": false
                },
                {
                  "title": "CRE-006: Verify that the password is hidden by default",
                  "fullTitle": "Test cases for Create Account flow Account creation flow CRE-006: Verify that the password is hidden by default",
                  "timedOut": null,
                  "duration": 9577,
                  "state": "passed",
                  "speed": "medium",
                  "pass": true,
                  "fail": false,
                  "pending": false,
                  "context": null,
                  "code": "// Hacer clic en el botón \"Ingresar\"\ncy.get('#header-custom > div > div.col-md-3.col-sm-4.col-xs-7.mobile-link > ul > li.link.authorization-link > a').click({\n  force: true\n});\n// Hacer clic en el botón de \"Registrarse\"\ncy.get('.register').click();\n// Rellenar el formulario de registro con datos de prueba\ncy.fillRegisterFormWithRandomData();\ncy.get('#tipo_identificacion').select(dataUser.identification_type[1]);\ncy.get('#identificacion').type(dataUser.identification_number[2]);\ncy.get('#telephone').type(dataUser.telefono);\ncy.get('#fecha_cumple').click();\ncy.get('.ui-datepicker-month').should('be.visible').select(dataUser.fechaNacimiento[0]);\ncy.get('.ui-datepicker-year').should('be.visible').select(dataUser.fechaNacimiento[1]);\ncy.get('.ui-state-default:eq(1)').click();\ncy.get('.ui-datepicker-buttonpane > button').click();\ncy.get('#pais_nacimiento').select(dataUser.pais[0]);\ncy.get('#gender').select(dataUser.genero[0]);\ncy.get('#password').type(dataUser.password[0]).should('have.attr', 'type', 'password');\ncy.get('#password-confirmation').type(dataUser.password[0]).should('have.attr', 'type', 'password');",
                  "err": {},
                  "uuid": "b1057f43-abe9-4b7d-b28f-2fb55814f73f",
                  "parentUUID": "81b01103-01e5-4512-885f-bfa11f630e6d",
                  "isHook": false,
                  "skipped": false
                },
                {
                  "title": "CRE-007: Verify that the password is visible at the user´s request",
                  "fullTitle": "Test cases for Create Account flow Account creation flow CRE-007: Verify that the password is visible at the user´s request",
                  "timedOut": null,
                  "duration": 12001,
                  "state": "passed",
                  "speed": "slow",
                  "pass": true,
                  "fail": false,
                  "pending": false,
                  "context": null,
                  "code": "// Hacer clic en el botón \"Ingresar\"\ncy.get('#header-custom > div > div.col-md-3.col-sm-4.col-xs-7.mobile-link > ul > li.link.authorization-link > a').click({\n  force: true\n});\n// Hacer clic en el botón de \"Registrarse\"\ncy.get('.register').click();\n// Rellenar el formulario de registro con datos de prueba\ncy.fillRegisterFormWithRandomData();\ncy.get('#tipo_identificacion').select(dataUser.identification_type[1]);\ncy.get('#identificacion').type(dataUser.identification_number[3]);\ncy.get('#telephone').type(dataUser.telefono);\ncy.get('#fecha_cumple').click();\ncy.get('.ui-datepicker-month').should('be.visible').select(dataUser.fechaNacimiento[0]);\ncy.get('.ui-datepicker-year').should('be.visible').select(dataUser.fechaNacimiento[1]);\ncy.get('.ui-state-default:eq(1)').click();\ncy.get('.ui-datepicker-buttonpane > button').click();\ncy.get('#pais_nacimiento').select(dataUser.pais[0]);\ncy.get('#gender').select(dataUser.genero[0]);\ncy.get('#password').type(dataUser.password[0]);\ncy.get('#password-confirmation').type(dataUser.password[0]);\n// Hacer clic en el checkbox de \"Monstrar contraseña\"\ncy.get('#form-validate > fieldset.fieldset.create.account-section > div.field.confirmation.required > div > div').click();\n// Verificar que la contraseña se está mostrando\ncy.get('#password-confirmation').should('have.attr', 'type', 'text');",
                  "err": {},
                  "uuid": "75e91e17-e565-4cd1-a985-57ef3166ee96",
                  "parentUUID": "81b01103-01e5-4512-885f-bfa11f630e6d",
                  "isHook": false,
                  "skipped": false
                },
                {
                  "title": "CRE-008: Verify error message when the password does not match",
                  "fullTitle": "Test cases for Create Account flow Account creation flow CRE-008: Verify error message when the password does not match",
                  "timedOut": null,
                  "duration": 9568,
                  "state": "passed",
                  "speed": "medium",
                  "pass": true,
                  "fail": false,
                  "pending": false,
                  "context": null,
                  "code": "// Hacer clic en el botón \"Ingresar\"\ncy.get('#header-custom > div > div.col-md-3.col-sm-4.col-xs-7.mobile-link > ul > li.link.authorization-link > a').click({\n  force: true\n});\n// Hacer clic en el botón de \"Registrarse\"\ncy.get('.register').click();\n// Rellenar el formulario de registro con datos de prueba\ncy.fillRegisterFormWithRandomData();\ncy.get('#tipo_identificacion').select(dataUser.identification_type[1]);\ncy.get('#identificacion').type(dataUser.identification_number[3]);\ncy.get('#telephone').type(dataUser.telefono);\ncy.get('#fecha_cumple').click();\ncy.get('.ui-datepicker-month').should('be.visible').select(dataUser.fechaNacimiento[0]);\ncy.get('.ui-datepicker-year').should('be.visible').select(dataUser.fechaNacimiento[1]);\ncy.get('.ui-state-default:eq(1)').click();\ncy.get('.ui-datepicker-buttonpane > button').click();\ncy.get('#pais_nacimiento').select(dataUser.pais[0]);\ncy.get('#gender').select(dataUser.genero[0]);\ncy.get('#password').type(dataUser.password[0]);\ncy.get('#password-confirmation').type(dataUser.password[1]);\n//Hacer click en checkbox para aceptar política de privacidad de datos\ncy.get('#checkbox-terms-conditions').check({\n  force: true\n});\n//Hacer clic en botón \"crear una cuenta\" para confirmar el registro\ncy.get('button.action.submit.primary').click();\n//Verificar que aparezca mensaje de error\ncy.get('#password-confirmation-error').should('exist').should('have.text', 'Please enter the same value again.');",
                  "err": {},
                  "uuid": "05f81001-31a6-411a-bcd0-fd1ff1cca082",
                  "parentUUID": "81b01103-01e5-4512-885f-bfa11f630e6d",
                  "isHook": false,
                  "skipped": false
                },
                {
                  "title": "CRE-009: Verify that it is not possible to create an account with a registered email address",
                  "fullTitle": "Test cases for Create Account flow Account creation flow CRE-009: Verify that it is not possible to create an account with a registered email address",
                  "timedOut": null,
                  "duration": 14013,
                  "state": "passed",
                  "speed": "slow",
                  "pass": true,
                  "fail": false,
                  "pending": false,
                  "context": null,
                  "code": "// Hacer clic en el botón \"Ingresar\"\ncy.get('#header-custom > div > div.col-md-3.col-sm-4.col-xs-7.mobile-link > ul > li.link.authorization-link > a').click({\n  force: true\n});\n// Hacer clic en el botón de \"Registrarse\"\ncy.get('.register').click();\n// Rellenar el formulario de registro con datos de prueba\ncy.get('#firstname').type(dataUser.nombre[1]);\ncy.get('#lastname').type(dataUser.apellido[1]);\ncy.get('#second_lastname').type(dataUser.apellido[1]);\ncy.get('#tipo_identificacion').select(dataUser.identification_type[1]);\ncy.get('#identificacion').type(dataUser.identification_number[3]);\ncy.get('#telephone').type(dataUser.telefono);\ncy.get('#fecha_cumple').click();\ncy.get('.ui-datepicker-month').should('be.visible').select(dataUser.fechaNacimiento[0]);\ncy.get('.ui-datepicker-year').should('be.visible').select(dataUser.fechaNacimiento[1]);\ncy.get('.ui-state-default:eq(1)').click();\ncy.get('.ui-datepicker-buttonpane > button').click();\ncy.get('#pais_nacimiento').select(dataUser.pais[0]);\ncy.get('#gender').select(dataUser.genero[0]);\ncy.get('#email_address').type(dataUser.email[0]);\ncy.get('#password').type(dataUser.password[0]);\ncy.get('#password-confirmation').type(dataUser.password[0]);\n//Hacer click en checkbox para aceptar política de privacidad de datos\ncy.get('#checkbox-terms-conditions').check({\n  force: true\n});\n//Hacer clic en botón \"crear una cuenta\" para confirmar el registro\ncy.get('button.action.submit.primary').click();\n//Verificar que aparezca mensaje de error\ncy.get('.message-error').should('exist');",
                  "err": {},
                  "uuid": "50323098-d66b-4b20-92e6-be850dfdac70",
                  "parentUUID": "81b01103-01e5-4512-885f-bfa11f630e6d",
                  "isHook": false,
                  "skipped": false
                },
                {
                  "title": "CRE-010: Verify that an error message is displayed when the password does not meet the minimum length",
                  "fullTitle": "Test cases for Create Account flow Account creation flow CRE-010: Verify that an error message is displayed when the password does not meet the minimum length",
                  "timedOut": null,
                  "duration": 11571,
                  "state": "passed",
                  "speed": "slow",
                  "pass": true,
                  "fail": false,
                  "pending": false,
                  "context": null,
                  "code": "// Hacer clic en el botón \"Ingresar\"\ncy.get('#header-custom > div > div.col-md-3.col-sm-4.col-xs-7.mobile-link > ul > li.link.authorization-link > a').click({\n  force: true\n});\n// Hacer clic en el botón de \"Registrarse\"\ncy.get('.register').click();\n// Rellenar el formulario de registro con datos de prueba\ncy.fillRegisterFormWithRandomData();\ncy.get('#tipo_identificacion').select(dataUser.identification_type[1]);\ncy.get('#identificacion').type(dataUser.identification_number[3]);\ncy.get('#telephone').type(dataUser.telefono);\ncy.get('#fecha_cumple').click();\ncy.get('.ui-datepicker-month').should('be.visible').select(dataUser.fechaNacimiento[0]);\ncy.get('.ui-datepicker-year').should('be.visible').select(dataUser.fechaNacimiento[1]);\ncy.get('.ui-state-default:eq(1)').click();\ncy.get('.ui-datepicker-buttonpane > button').click();\ncy.get('#pais_nacimiento').select(dataUser.pais[0]);\ncy.get('#gender').select(dataUser.genero[0]);\ncy.get('#password').type(dataUser.password[2]);\ncy.get('#password-error').should('exist').and('contain', '8');",
                  "err": {},
                  "uuid": "265b7f16-e44d-4698-833d-33bf3aa16fff",
                  "parentUUID": "81b01103-01e5-4512-885f-bfa11f630e6d",
                  "isHook": false,
                  "skipped": false
                },
                {
                  "title": "CRE-011: Verify that an error message is displayed when the password does not comply with the different character classes",
                  "fullTitle": "Test cases for Create Account flow Account creation flow CRE-011: Verify that an error message is displayed when the password does not comply with the different character classes",
                  "timedOut": null,
                  "duration": 10752,
                  "state": "passed",
                  "speed": "slow",
                  "pass": true,
                  "fail": false,
                  "pending": false,
                  "context": null,
                  "code": "// Hacer clic en el botón \"Ingresar\"\ncy.get('#header-custom > div > div.col-md-3.col-sm-4.col-xs-7.mobile-link > ul > li.link.authorization-link > a').click({\n  force: true\n});\n// Hacer clic en el botón de \"Registrarse\"\ncy.get('.register').click();\n// Rellenar el formulario de registro con datos de prueba\ncy.fillRegisterFormWithRandomData();\ncy.get('#tipo_identificacion').select(dataUser.identification_type[1]);\ncy.get('#identificacion').type(dataUser.identification_number[3]);\ncy.get('#telephone').type(dataUser.telefono);\ncy.get('#fecha_cumple').click();\ncy.get('.ui-datepicker-month').should('be.visible').select(dataUser.fechaNacimiento[0]);\ncy.get('.ui-datepicker-year').should('be.visible').select(dataUser.fechaNacimiento[1]);\ncy.get('.ui-state-default:eq(1)').click();\ncy.get('.ui-datepicker-buttonpane > button').click();\ncy.get('#pais_nacimiento').select(dataUser.pais[0]);\ncy.get('#gender').select(dataUser.genero[0]);\ncy.get('#password').type(dataUser.password[3]);\ncy.get('#password-error').should('exist').and('contain', '3');",
                  "err": {},
                  "uuid": "be694f41-f83a-4644-a77f-6147e5c7b066",
                  "parentUUID": "81b01103-01e5-4512-885f-bfa11f630e6d",
                  "isHook": false,
                  "skipped": false
                },
                {
                  "title": "CRE-014: Verify that an unregistered user can create an account",
                  "fullTitle": "Test cases for Create Account flow Account creation flow CRE-014: Verify that an unregistered user can create an account",
                  "timedOut": null,
                  "duration": 10148,
                  "state": "passed",
                  "speed": "slow",
                  "pass": true,
                  "fail": false,
                  "pending": false,
                  "context": null,
                  "code": "// Hacer clic en el botón \"Ingresar\"\ncy.get('#header-custom > div > div.col-md-3.col-sm-4.col-xs-7.mobile-link > ul > li.link.authorization-link > a').click({\n  force: true\n});\n// Hacer clic en el botón de \"Registrarse\"\ncy.get('.register').click();\n// Rellenar el formulario de registro con datos de prueba\ncy.fillRegisterFormWithRandomData();\ncy.get('#tipo_identificacion').select(dataUser.identification_type[1]);\ncy.get('#identificacion').type(dataUser.identification_number[3]);\ncy.get('#telephone').type(dataUser.telefono);\ncy.get('#fecha_cumple').click();\ncy.get('.ui-datepicker-month').should('be.visible').select(dataUser.fechaNacimiento[0]);\ncy.get('.ui-datepicker-year').should('be.visible').select(dataUser.fechaNacimiento[1]);\ncy.get('.ui-state-default:eq(1)').click();\ncy.get('.ui-datepicker-buttonpane > button').click();\ncy.get('#pais_nacimiento').select(dataUser.pais[0]);\ncy.get('#gender').select(dataUser.genero[0]);\ncy.get('#password').type(dataUser.password[0]);\ncy.get('#password-confirmation').type(dataUser.password[0]);\n//Hacer clic en botón \"crear una cuenta\" para confirmar el registro\ncy.get('button.action.submit.primary').click();\n//Verificar mensaje de error que indica que el campo es obligatorio\ncy.get('#checkbox-terms-conditions-error').should('be.visible');",
                  "err": {},
                  "uuid": "0e842041-bdbd-438f-8fce-a8c18fd42fa3",
                  "parentUUID": "81b01103-01e5-4512-885f-bfa11f630e6d",
                  "isHook": false,
                  "skipped": false
                }
              ],
              "suites": [],
              "passes": [
                "e15b489d-9e76-410a-9981-bddcdb105f1b",
                "f367a714-75f0-46d6-9196-dfd04d1eb7cd",
                "f62decd0-0b64-46de-b04c-895190fef28d",
                "b1057f43-abe9-4b7d-b28f-2fb55814f73f",
                "75e91e17-e565-4cd1-a985-57ef3166ee96",
                "05f81001-31a6-411a-bcd0-fd1ff1cca082",
                "50323098-d66b-4b20-92e6-be850dfdac70",
                "265b7f16-e44d-4698-833d-33bf3aa16fff",
                "be694f41-f83a-4644-a77f-6147e5c7b066",
                "0e842041-bdbd-438f-8fce-a8c18fd42fa3"
              ],
              "failures": [],
              "pending": [],
              "skipped": [],
              "duration": 123697,
              "root": false,
              "rootEmpty": false,
              "_timeout": 2000
            }
          ],
          "passes": [],
          "failures": [],
          "pending": [],
          "skipped": [],
          "duration": 0,
          "root": false,
          "rootEmpty": false,
          "_timeout": 2000
        }
      ],
      "passes": [],
      "failures": [],
      "pending": [],
      "skipped": [],
      "duration": 0,
      "root": true,
      "rootEmpty": true,
      "_timeout": 2000
    }
  ],
  "meta": {
    "mocha": {
      "version": "7.0.1"
    },
    "mochawesome": {
      "options": {
        "quiet": false,
        "reportFilename": "mochawesome",
        "saveHtml": false,
        "saveJson": true,
        "consoleReporter": "spec",
        "useInlineDiffs": false,
        "code": true
      },
      "version": "7.1.3"
    },
    "marge": {
      "options": {
        "charts": true,
        "reportPageTitle": "Reporter Automation Project KOMAX",
        "embeddedScreenshots": true,
        "inlineAssets": true,
        "saveAllAttempts": false,
        "overwrite": false,
        "html": false,
        "json": true,
        "reportDir": "cypress\\reports\\html\\.jsons"
      },
      "version": "6.2.0"
    }
  }
}